<?xml version="1.0" encoding="utf-8"?><testsuites name="pytest tests"><testsuite name="pytest" errors="0" failures="0" skipped="0" tests="16" time="135.961" timestamp="2026-01-27T22:10:07.583632+00:00" hostname="agent-env-47d8bde5-0d4a-4376-9af5-066fa05e7817"><testcase classname="tests.test_predictive_maintenance.TestHealthAndBasics" name="test_health_endpoint" time="0.078" /><testcase classname="tests.test_predictive_maintenance.TestHealthAndBasics" name="test_root_endpoint" time="0.040" /><testcase classname="tests.test_predictive_maintenance.TestDemoCases" name="test_get_demo_cases_returns_20_cases" time="0.045" /><testcase classname="tests.test_predictive_maintenance.TestDemoCases" name="test_demo_cases_have_valid_severity_levels" time="0.040" /><testcase classname="tests.test_predictive_maintenance.TestAIAnalyticsSimulation" name="test_simulate_failure_starts_successfully" time="8.560" /><testcase classname="tests.test_predictive_maintenance.TestAIAnalyticsSimulation" name="test_simulation_completes_all_6_steps" time="8.648" /><testcase classname="tests.test_predictive_maintenance.TestAIAnalyticsSimulation" name="test_simulation_with_demo_case_uses_correct_data" time="18.668" /><testcase classname="tests.test_predictive_maintenance.TestAICreation" name="test_start_creation_for_farms" time="0.039" /><testcase classname="tests.test_predictive_maintenance.TestAICreation" name="test_start_creation_for_equipment" time="0.077" /><testcase classname="tests.test_predictive_maintenance.TestAICreation" name="test_process_answer_in_creation_flow" time="0.082" /><testcase classname="tests.test_predictive_maintenance.TestAICreation" name="test_cancel_creation_session" time="0.083" /><testcase classname="tests.test_predictive_maintenance.TestReportGeneration" name="test_generate_maintenance_summary_report" time="29.584" /><testcase classname="tests.test_predictive_maintenance.TestReportGeneration" name="test_generate_cost_analysis_report" time="41.871" /><testcase classname="tests.test_predictive_maintenance.TestReportGeneration" name="test_generate_equipment_analysis_report" time="27.863" /><testcase classname="tests.test_predictive_maintenance.TestReportGeneration" name="test_list_generated_reports" time="0.068" /><testcase classname="tests.test_predictive_maintenance.TestSimulationsList" name="test_list_simulations" time="0.056" /></testsuite></testsuites>